<?xml version="1.0" encoding="UTF-8"?>
<!-- Generated by org.testng.reporters.JUnitXMLReporter -->
<testsuite hostname="LENOVO_IP3_JYIN" ignored="0" name="Test" tests="1" failures="0" timestamp="2023-03-13T19:09:22 IST" time="0.07" errors="0">
  <testcase name="@BeforeSuite setUp" time="0.049" classname="TestNG.AutomatingTestNG">
    <failure type="java.lang.IllegalStateException" message="The driver executable must exist: E:\Soft\chrome _driver1\chromedriver.exe">
      <![CDATA[java.lang.IllegalStateException: The driver executable must exist: E:\Soft\chrome _driver1\chromedriver.exe
at org.openqa.selenium.internal.Require$FileStateChecker.isFile(Require.java:345)
at org.openqa.selenium.remote.service.DriverService.checkExecutable(DriverService.java:161)
at org.openqa.selenium.remote.service.DriverService.findExecutable(DriverService.java:156)
at org.openqa.selenium.chrome.ChromeDriverService.access$000(ChromeDriverService.java:41)
at org.openqa.selenium.chrome.ChromeDriverService$Builder.findDefaultExecutable(ChromeDriverService.java:285)
at org.openqa.selenium.remote.service.DriverService$Builder.build(DriverService.java:456)
at org.openqa.selenium.chrome.ChromeDriverService.createDefaultService(ChromeDriverService.java:146)
at org.openqa.selenium.chrome.ChromeDriver.<init>(ChromeDriver.java:50)
at TestNG.AutomatingTestNG.setUp(AutomatingTestNG.java:30)
... Removed 19 stack frames]]>
    </failure>
  </testcase> <!-- @BeforeSuite setUp -->
  <testcase name="@BeforeTest profileSetup" time="-1.6787147622E9" classname="TestNG.AutomatingTestNG">
    <skipped/>
  </testcase> <!-- @BeforeTest profileSetup -->
  <testcase name="@BeforeClass appSetup" time="-1.678714762236E9" classname="TestNG.AutomatingTestNG">
    <skipped/>
  </testcase> <!-- @BeforeClass appSetup -->
  <testcase name="@BeforeMethod checkLogin" time="-1.678714762247E9" classname="TestNG.AutomatingTestNG">
    <skipped/>
  </testcase> <!-- @BeforeMethod checkLogin -->
  <testcase name="@AfterMethod screenShot" time="-1.678714762257E9" classname="TestNG.AutomatingTestNG">
    <skipped/>
  </testcase> <!-- @AfterMethod screenShot -->
  <testcase name="@AfterClass closeUp" time="-1.678714762261E9" classname="TestNG.AutomatingTestNG">
    <skipped/>
  </testcase> <!-- @AfterClass closeUp -->
  <testcase name="@AfterTest reportReady" time="-1.678714762264E9" classname="TestNG.AutomatingTestNG">
    <skipped/>
  </testcase> <!-- @AfterTest reportReady -->
  <testcase name="testCurrentUrl" time="0.0" classname="TestNG.AutomatingTestNG">
    <skipped/>
  </testcase> <!-- testCurrentUrl -->
</testsuite> <!-- Test -->
